<?xml version="1.0" encoding="UTF-8"?>
<!-- Generated by org.testng.reporters.JUnitReportReporter -->
<testsuite skipped="0" hostname="LPT01" name="NewTours_Signon" tests="1" failures="0" timestamp="23 Mar 2019 20:44:22 GMT" time="16.884" errors="0">
  <testcase name="Signon" time="16.884" classname="NewTours_Signon"/>
</testsuite> <!-- NewTours_Signon -->
