<?xml version="1.0" encoding="UTF-8"?>
<!-- Generated by org.testng.reporters.JUnitReportReporter -->
<testsuite skipped="0" hostname="LPT01" name="newToursWebApplication.NewTours_Support" tests="1" failures="0" timestamp="28 Mar 2019 19:21:59 GMT" time="1.101" errors="0">
  <testcase name="Support" time="1.101" classname="newToursWebApplication.NewTours_Support"/>
</testsuite> <!-- newToursWebApplication.NewTours_Support -->
