<?xml version="1.0" encoding="UTF-8"?>
<!-- Generated by org.testng.reporters.JUnitReportReporter -->
<testsuite skipped="0" hostname="LPT01" name="NewTours_HomePage" tests="1" failures="0" timestamp="23 Mar 2019 20:24:04 GMT" time="26.820" errors="0">
  <testcase name="homepage" time="26.820" classname="NewTours_HomePage"/>
</testsuite> <!-- NewTours_HomePage -->
