<?xml version="1.0" encoding="UTF-8"?>
<!-- Generated by org.testng.reporters.JUnitReportReporter -->
<testsuite skipped="0" hostname="LPT01" name="newToursWebApplication.NewTours_HomePage" tests="1" failures="0" timestamp="28 Mar 2019 19:45:39 GMT" time="26.828" errors="0">
  <testcase name="homepage" time="26.828" classname="newToursWebApplication.NewTours_HomePage"/>
</testsuite> <!-- newToursWebApplication.NewTours_HomePage -->
