<?xml version="1.0" encoding="UTF-8"?>
<!-- Generated by org.testng.reporters.JUnitReportReporter -->
<testsuite skipped="0" hostname="LPT01" name="newToursWebApplication.NewTours_Resgister" tests="1" failures="0" timestamp="10 Apr 2019 17:47:19 GMT" time="259.037" errors="0">
  <testcase name="Register" time="259.037" classname="newToursWebApplication.NewTours_Resgister"/>
</testsuite> <!-- newToursWebApplication.NewTours_Resgister -->
