<?xml version="1.0" encoding="UTF-8"?>
<!-- Generated by org.testng.reporters.JUnitReportReporter -->
<testsuite skipped="0" hostname="LPT01" name="newToursWebApplication.NewTours_HomePage" tests="1" failures="0" timestamp="11 Apr 2019 17:00:09 GMT" time="23.841" errors="0">
  <testcase name="homepage" time="23.841" classname="newToursWebApplication.NewTours_HomePage"/>
</testsuite> <!-- newToursWebApplication.NewTours_HomePage -->
