<?xml version="1.0" encoding="UTF-8"?>
<!-- Generated by org.testng.reporters.JUnitReportReporter -->
<testsuite skipped="0" hostname="LPT01" name="newToursWebApplication.BaseTest" tests="1" failures="0" timestamp="07 Apr 2019 18:40:54 GMT" time="0.009" errors="0">
  <testcase name="login" time="0.009" classname="newToursWebApplication.BaseTest"/>
</testsuite> <!-- newToursWebApplication.BaseTest -->
