<?xml version="1.0" encoding="UTF-8"?>
<!-- Generated by org.testng.reporters.JUnitReportReporter -->
<testsuite skipped="0" hostname="LPT01" name="newToursWebApplication.NewTours_Signon" tests="1" failures="0" timestamp="28 Mar 2019 19:21:05 GMT" time="13.297" errors="0">
  <testcase name="Signon" time="13.297" classname="newToursWebApplication.NewTours_Signon"/>
</testsuite> <!-- newToursWebApplication.NewTours_Signon -->
